[debug] [2025-06-30T15:52:13.286Z] ----------------------------------------------------------------------
[debug] [2025-06-30T15:52:13.292Z] Command:       C:\Program Files\nodejs\node.exe C:\Users\domin_057nflr\AppData\Roaming\npm\node_modules\firebase-tools\lib\bin\firebase.js deploy
[debug] [2025-06-30T15:52:13.293Z] CLI Version:   14.9.0
[debug] [2025-06-30T15:52:13.293Z] Platform:      win32
[debug] [2025-06-30T15:52:13.293Z] Node Version:  v22.14.0
[debug] [2025-06-30T15:52:13.294Z] Time:          Tue Jul 01 2025 01:52:13 GMT+1000 (Ostaustralische Normalzeit)
[debug] [2025-06-30T15:52:13.294Z] ----------------------------------------------------------------------
[debug] 
[debug] [2025-06-30T15:52:13.690Z] > command requires scopes: ["email","openid","https://www.googleapis.com/auth/cloudplatformprojects.readonly","https://www.googleapis.com/auth/firebase","https://www.googleapis.com/auth/cloud-platform"]
[debug] [2025-06-30T15:52:13.691Z] > authorizing via signed-in user (dominic.knabe@googlemail.com)
[debug] [2025-06-30T15:52:13.691Z] [iam] checking project todoapp-96218 for permissions ["datastore.indexes.create","datastore.indexes.delete","datastore.indexes.list","datastore.indexes.update","firebase.projects.get","firebasehosting.sites.update"]
[debug] [2025-06-30T15:52:13.693Z] Checked if tokens are valid: false, expires at: 1751290144990
[debug] [2025-06-30T15:52:13.693Z] Checked if tokens are valid: false, expires at: 1751290144990
[debug] [2025-06-30T15:52:13.694Z] > refreshing access token with scopes: []
[debug] [2025-06-30T15:52:13.697Z] >>> [apiv2][query] POST https://www.googleapis.com/oauth2/v3/token [none]
[debug] [2025-06-30T15:52:13.697Z] >>> [apiv2][body] POST https://www.googleapis.com/oauth2/v3/token [omitted]
[debug] [2025-06-30T15:52:14.163Z] <<< [apiv2][status] POST https://www.googleapis.com/oauth2/v3/token 200
[debug] [2025-06-30T15:52:14.163Z] <<< [apiv2][body] POST https://www.googleapis.com/oauth2/v3/token [omitted]
[debug] [2025-06-30T15:52:14.174Z] >>> [apiv2][query] POST https://cloudresourcemanager.googleapis.com/v1/projects/todoapp-96218:testIamPermissions [none]
[debug] [2025-06-30T15:52:14.174Z] >>> [apiv2][(partial)header] POST https://cloudresourcemanager.googleapis.com/v1/projects/todoapp-96218:testIamPermissions x-goog-quota-user=projects/todoapp-96218
[debug] [2025-06-30T15:52:14.174Z] >>> [apiv2][body] POST https://cloudresourcemanager.googleapis.com/v1/projects/todoapp-96218:testIamPermissions {"permissions":["datastore.indexes.create","datastore.indexes.delete","datastore.indexes.list","datastore.indexes.update","firebase.projects.get","firebasehosting.sites.update"]}
[debug] [2025-06-30T15:52:15.434Z] <<< [apiv2][status] POST https://cloudresourcemanager.googleapis.com/v1/projects/todoapp-96218:testIamPermissions 200
[debug] [2025-06-30T15:52:15.434Z] <<< [apiv2][body] POST https://cloudresourcemanager.googleapis.com/v1/projects/todoapp-96218:testIamPermissions {"permissions":["datastore.indexes.create","datastore.indexes.delete","datastore.indexes.list","datastore.indexes.update","firebase.projects.get","firebasehosting.sites.update"]}
[debug] [2025-06-30T15:52:15.435Z] Checked if tokens are valid: true, expires at: 1751302333163
[debug] [2025-06-30T15:52:15.435Z] Checked if tokens are valid: true, expires at: 1751302333163
[debug] [2025-06-30T15:52:15.436Z] >>> [apiv2][query] GET https://firebase.googleapis.com/v1beta1/projects/todoapp-96218 [none]
[debug] [2025-06-30T15:52:16.212Z] <<< [apiv2][status] GET https://firebase.googleapis.com/v1beta1/projects/todoapp-96218 200
[debug] [2025-06-30T15:52:16.212Z] <<< [apiv2][body] GET https://firebase.googleapis.com/v1beta1/projects/todoapp-96218 {"projectId":"todoapp-96218","projectNumber":"738411019480","displayName":"ToDoApp","name":"projects/todoapp-96218","resources":{"hostingSite":"todoapp-96218"},"state":"ACTIVE","etag":"1_14397060-3ee8-44c1-bf3a-68b95682b4ea"}
[info] 
[info] === Deploying to 'todoapp-96218'...
[info] 
[info] i  deploying firestore, hosting 
[info] i  firestore: reading indexes from firestore.indexes.json... 
[info] i  cloud.firestore: checking firestore.rules for compilation errors... 
[debug] [2025-06-30T15:52:16.229Z] Checked if tokens are valid: true, expires at: 1751302333163
[debug] [2025-06-30T15:52:16.230Z] Checked if tokens are valid: true, expires at: 1751302333163
[debug] [2025-06-30T15:52:16.230Z] >>> [apiv2][query] POST https://firebaserules.googleapis.com/v1/projects/todoapp-96218:test [none]
[debug] [2025-06-30T15:52:16.230Z] >>> [apiv2][body] POST https://firebaserules.googleapis.com/v1/projects/todoapp-96218:test [omitted]
[debug] [2025-06-30T15:52:16.908Z] <<< [apiv2][status] POST https://firebaserules.googleapis.com/v1/projects/todoapp-96218:test 200
[debug] [2025-06-30T15:52:16.908Z] <<< [apiv2][body] POST https://firebaserules.googleapis.com/v1/projects/todoapp-96218:test {}
[info] +  cloud.firestore: rules file firestore.rules compiled successfully 
[debug] [2025-06-30T15:52:16.915Z] Checked if tokens are valid: true, expires at: 1751302333163
[debug] [2025-06-30T15:52:16.915Z] Checked if tokens are valid: true, expires at: 1751302333163
[debug] [2025-06-30T15:52:16.915Z] >>> [apiv2][query] POST https://firebasehosting.googleapis.com/v1beta1/projects/-/sites/todoapp-96218/versions [none]
[debug] [2025-06-30T15:52:16.915Z] >>> [apiv2][body] POST https://firebasehosting.googleapis.com/v1beta1/projects/-/sites/todoapp-96218/versions {"status":"CREATED","labels":{"deployment-tool":"cli-firebase"}}
[debug] [2025-06-30T15:52:18.830Z] <<< [apiv2][status] POST https://firebasehosting.googleapis.com/v1beta1/projects/-/sites/todoapp-96218/versions 200
[debug] [2025-06-30T15:52:18.830Z] <<< [apiv2][body] POST https://firebasehosting.googleapis.com/v1beta1/projects/-/sites/todoapp-96218/versions {"name":"projects/738411019480/sites/todoapp-96218/versions/2a97d76a8ec7eb52","status":"CREATED","config":{},"labels":{"deployment-tool":"cli-firebase"}}
[debug] [2025-06-30T15:52:18.831Z] Checked if tokens are valid: true, expires at: 1751302333163
[debug] [2025-06-30T15:52:18.831Z] Checked if tokens are valid: true, expires at: 1751302333163
[debug] [2025-06-30T15:52:18.831Z] >>> [apiv2][query] GET https://firestore.googleapis.com/v1/projects/todoapp-96218/databases/(default) [none]
[debug] [2025-06-30T15:52:19.183Z] <<< [apiv2][status] GET https://firestore.googleapis.com/v1/projects/todoapp-96218/databases/(default) 200
[debug] [2025-06-30T15:52:19.183Z] <<< [apiv2][body] GET https://firestore.googleapis.com/v1/projects/todoapp-96218/databases/(default) {"name":"projects/todoapp-96218/databases/(default)","uid":"2edc6093-6fa6-4d12-977d-223fdaab98d2","createTime":"2025-06-25T10:45:13.424380Z","updateTime":"2025-06-25T10:45:13.424380Z","locationId":"australia-southeast2","type":"FIRESTORE_NATIVE","concurrencyMode":"PESSIMISTIC","versionRetentionPeriod":"3600s","earliestVersionTime":"2025-07-01T00:52:19.368344Z","appEngineIntegrationMode":"DISABLED","pointInTimeRecoveryEnablement":"POINT_IN_TIME_RECOVERY_DISABLED","deleteProtectionState":"DELETE_PROTECTION_DISABLED","databaseEdition":"STANDARD","freeTier":true,"etag":"IM6vl6jGmo4DMODy9IG1jI4D"}
[debug] [2025-06-30T15:52:19.184Z] Checked if tokens are valid: true, expires at: 1751302333163
[debug] [2025-06-30T15:52:19.185Z] Checked if tokens are valid: true, expires at: 1751302333163
[debug] [2025-06-30T15:52:19.185Z] >>> [apiv2][query] GET https://firebaserules.googleapis.com/v1/projects/todoapp-96218/releases pageSize=10&pageToken=
[debug] [2025-06-30T15:52:20.542Z] <<< [apiv2][status] GET https://firebaserules.googleapis.com/v1/projects/todoapp-96218/releases 200
[debug] [2025-06-30T15:52:20.542Z] <<< [apiv2][body] GET https://firebaserules.googleapis.com/v1/projects/todoapp-96218/releases {"releases":[{"name":"projects/todoapp-96218/releases/cloud.firestore","rulesetName":"projects/todoapp-96218/rulesets/3d9f6642-ffda-4945-87a1-6d5b21458f16","createTime":"2025-06-25T10:45:25.930876Z","updateTime":"2025-06-30T12:29:17.436775Z"}]}
[debug] [2025-06-30T15:52:20.542Z] Checked if tokens are valid: true, expires at: 1751302333163
[debug] [2025-06-30T15:52:20.542Z] Checked if tokens are valid: true, expires at: 1751302333163
[debug] [2025-06-30T15:52:20.542Z] >>> [apiv2][query] GET https://firebaserules.googleapis.com/v1/projects/todoapp-96218/rulesets/3d9f6642-ffda-4945-87a1-6d5b21458f16 [none]
[debug] [2025-06-30T15:52:20.915Z] <<< [apiv2][status] GET https://firebaserules.googleapis.com/v1/projects/todoapp-96218/rulesets/3d9f6642-ffda-4945-87a1-6d5b21458f16 200
[debug] [2025-06-30T15:52:20.915Z] <<< [apiv2][body] GET https://firebaserules.googleapis.com/v1/projects/todoapp-96218/rulesets/3d9f6642-ffda-4945-87a1-6d5b21458f16 [omitted]
[info] i  firestore: latest version of firestore.rules already up to date, skipping upload... 
[info] i  firestore: deploying indexes... 
[debug] [2025-06-30T15:52:20.919Z] Checked if tokens are valid: true, expires at: 1751302333163
[debug] [2025-06-30T15:52:20.919Z] Checked if tokens are valid: true, expires at: 1751302333163
[debug] [2025-06-30T15:52:20.920Z] >>> [apiv2][query] GET https://firestore.googleapis.com/v1/projects/todoapp-96218/databases/(default)/collectionGroups/-/indexes [none]
[debug] [2025-06-30T15:52:21.085Z] <<< [apiv2][status] GET https://firestore.googleapis.com/v1/projects/todoapp-96218/databases/(default)/collectionGroups/-/indexes 200
[debug] [2025-06-30T15:52:21.086Z] <<< [apiv2][body] GET https://firestore.googleapis.com/v1/projects/todoapp-96218/databases/(default)/collectionGroups/-/indexes {}
[debug] [2025-06-30T15:52:21.086Z] Checked if tokens are valid: true, expires at: 1751302333163
[debug] [2025-06-30T15:52:21.087Z] Checked if tokens are valid: true, expires at: 1751302333163
[debug] [2025-06-30T15:52:21.087Z] >>> [apiv2][query] GET https://firestore.googleapis.com/v1/projects/todoapp-96218/databases/(default)/collectionGroups/-/fields?filter=indexConfig.usesAncestorConfig=false OR ttlConfig:* [none]
[debug] [2025-06-30T15:52:21.137Z] <<< [apiv2][status] GET https://firestore.googleapis.com/v1/projects/todoapp-96218/databases/(default)/collectionGroups/-/fields?filter=indexConfig.usesAncestorConfig=false OR ttlConfig:* 200
[debug] [2025-06-30T15:52:21.137Z] <<< [apiv2][body] GET https://firestore.googleapis.com/v1/projects/todoapp-96218/databases/(default)/collectionGroups/-/fields?filter=indexConfig.usesAncestorConfig=false OR ttlConfig:* {"fields":[{"name":"projects/todoapp-96218/databases/(default)/collectionGroups/__default__/fields/*","indexConfig":{"indexes":[{"queryScope":"COLLECTION","fields":[{"fieldPath":"*","order":"ASCENDING"}],"state":"READY"},{"queryScope":"COLLECTION","fields":[{"fieldPath":"*","order":"DESCENDING"}],"state":"READY"},{"queryScope":"COLLECTION","fields":[{"fieldPath":"*","arrayConfig":"CONTAINS"}],"state":"READY"}]}}]}
[info] +  firestore: deployed indexes in firestore.indexes.json successfully for (default) database 
[info] i  hosting[todoapp-96218]: beginning deploy... 
[info] i  hosting[todoapp-96218]: found 14 files in dist 
[debug] [2025-06-30T15:52:21.164Z] [hosting] uploading with 200 concurrency
[debug] [2025-06-30T15:52:21.348Z] Checked if tokens are valid: true, expires at: 1751302333163
[debug] [2025-06-30T15:52:21.349Z] Checked if tokens are valid: true, expires at: 1751302333163
[debug] [2025-06-30T15:52:21.351Z] [hosting] hash cache [ZGlzdA] stored for 14 files
[debug] [2025-06-30T15:52:21.351Z] [hosting][hash queue][FINAL] {"max":169,"min":1,"avg":21.714285714285715,"active":0,"complete":14,"success":14,"errored":0,"retried":0,"total":14,"elapsed":175}
[debug] [2025-06-30T15:52:21.352Z] >>> [apiv2][query] POST https://firebasehosting.googleapis.com/v1beta1/projects/738411019480/sites/todoapp-96218/versions/2a97d76a8ec7eb52:populateFiles [none]
[debug] [2025-06-30T15:52:21.352Z] >>> [apiv2][body] POST https://firebasehosting.googleapis.com/v1beta1/projects/738411019480/sites/todoapp-96218/versions/2a97d76a8ec7eb52:populateFiles {"files":{"/vendors-bb3d84b5.js.LICENSE.txt":"1d6229a9125ab58832a3fab2a276a5f50de334b03d66b4ffe8bcc6a5078a0d11","/vendors-7a0d7793.js.map":"1df226bfc463d189e5fd41d7dd8ffcc1c8adc67169c8b930f7d558a4f7b9b7b7","/vendors-7a0d7793.js.LICENSE.txt":"25f5f8798317a89929dbd1ffe80ac38333854493ca49d62ede861185df042c9e","/vendors-7a0d7793.js":"e56c7191f5ae8a7f5399fafb3ba06babba7c354d30c2e5a7dd6ce37e15f9805e","/vendors-4e0e0553.js.LICENSE.txt":"622d0a7c88d012cac5a43021c6193b98d377419d23e4c644ba8e04b917a7a91b","/styles.css.map":"5d69c7ee5d47a73ed01702269d1fae3409ec5ac9f4ffa467d9d4be6fe438e12e","/styles.css":"92f750753a84aeaccc1c46460dcee24873a79ecf182f649d14bd26294b9a576a","/index.html":"02ad206a9a989f2d6d51139c97d9e3d14bb6d57f085467d9b02577a6730cc3a7","/main.js":"ce9e335268a182087633fa9cae8bde4b440c0a09e0c539421e63f3c89bcabd72","/main.js.map":"257a69c4a871639bb96736cab235aa7876eb2705c7b4fa534c388d1f081f01dd","/vendors-bb3d84b5.js":"8e9ba098b2cea5b5108327cb15018805b4977d18142c1cb3b57fb417a7839c9c","/vendors-4e0e0553.js":"41ebb81384cfaa603a799cbddf4f96f41eaf3ef71498e149fa95f3f542abde06","/vendors-bb3d84b5.js.map":"a241be99e15f5e6ee290806450e8780daecbfe6bc48e777fa38ccf1fb8773bd4","/vendors-4e0e0553.js.map":"4e4831054b5ca54692eb97643984c1e2282bc599ab218c68f6611befc4f0ef77"}}
[debug] [2025-06-30T15:52:21.908Z] <<< [apiv2][status] POST https://firebasehosting.googleapis.com/v1beta1/projects/738411019480/sites/todoapp-96218/versions/2a97d76a8ec7eb52:populateFiles 200
[debug] [2025-06-30T15:52:21.909Z] <<< [apiv2][body] POST https://firebasehosting.googleapis.com/v1beta1/projects/738411019480/sites/todoapp-96218/versions/2a97d76a8ec7eb52:populateFiles {"uploadRequiredHashes":["ce9e335268a182087633fa9cae8bde4b440c0a09e0c539421e63f3c89bcabd72","257a69c4a871639bb96736cab235aa7876eb2705c7b4fa534c388d1f081f01dd","8e9ba098b2cea5b5108327cb15018805b4977d18142c1cb3b57fb417a7839c9c","41ebb81384cfaa603a799cbddf4f96f41eaf3ef71498e149fa95f3f542abde06","a241be99e15f5e6ee290806450e8780daecbfe6bc48e777fa38ccf1fb8773bd4","4e4831054b5ca54692eb97643984c1e2282bc599ab218c68f6611befc4f0ef77"],"uploadUrl":"https://upload-firebasehosting.googleapis.com/upload/sites/todoapp-96218/versions/2a97d76a8ec7eb52/files"}
[debug] [2025-06-30T15:52:21.909Z] Checked if tokens are valid: true, expires at: 1751302333163
[debug] [2025-06-30T15:52:21.909Z] Checked if tokens are valid: true, expires at: 1751302333163
[debug] [2025-06-30T15:52:21.910Z] Checked if tokens are valid: true, expires at: 1751302333163
[debug] [2025-06-30T15:52:21.910Z] Checked if tokens are valid: true, expires at: 1751302333163
[debug] [2025-06-30T15:52:21.910Z] Checked if tokens are valid: true, expires at: 1751302333163
[debug] [2025-06-30T15:52:21.910Z] Checked if tokens are valid: true, expires at: 1751302333163
[debug] [2025-06-30T15:52:21.911Z] Checked if tokens are valid: true, expires at: 1751302333163
[debug] [2025-06-30T15:52:21.911Z] Checked if tokens are valid: true, expires at: 1751302333163
[debug] [2025-06-30T15:52:21.911Z] Checked if tokens are valid: true, expires at: 1751302333163
[debug] [2025-06-30T15:52:21.911Z] Checked if tokens are valid: true, expires at: 1751302333163
[debug] [2025-06-30T15:52:21.911Z] Checked if tokens are valid: true, expires at: 1751302333163
[debug] [2025-06-30T15:52:21.911Z] Checked if tokens are valid: true, expires at: 1751302333163
[debug] [2025-06-30T15:52:21.912Z] >>> [apiv2][query] POST https://upload-firebasehosting.googleapis.com/upload/sites/todoapp-96218/versions/2a97d76a8ec7eb52/files/ce9e335268a182087633fa9cae8bde4b440c0a09e0c539421e63f3c89bcabd72 [none]
[debug] [2025-06-30T15:52:21.912Z] >>> [apiv2][body] POST https://upload-firebasehosting.googleapis.com/upload/sites/todoapp-96218/versions/2a97d76a8ec7eb52/files/ce9e335268a182087633fa9cae8bde4b440c0a09e0c539421e63f3c89bcabd72 [stream]
[debug] [2025-06-30T15:52:21.914Z] >>> [apiv2][query] POST https://upload-firebasehosting.googleapis.com/upload/sites/todoapp-96218/versions/2a97d76a8ec7eb52/files/257a69c4a871639bb96736cab235aa7876eb2705c7b4fa534c388d1f081f01dd [none]
[debug] [2025-06-30T15:52:21.914Z] >>> [apiv2][body] POST https://upload-firebasehosting.googleapis.com/upload/sites/todoapp-96218/versions/2a97d76a8ec7eb52/files/257a69c4a871639bb96736cab235aa7876eb2705c7b4fa534c388d1f081f01dd [stream]
[debug] [2025-06-30T15:52:21.917Z] >>> [apiv2][query] POST https://upload-firebasehosting.googleapis.com/upload/sites/todoapp-96218/versions/2a97d76a8ec7eb52/files/8e9ba098b2cea5b5108327cb15018805b4977d18142c1cb3b57fb417a7839c9c [none]
[debug] [2025-06-30T15:52:21.917Z] >>> [apiv2][body] POST https://upload-firebasehosting.googleapis.com/upload/sites/todoapp-96218/versions/2a97d76a8ec7eb52/files/8e9ba098b2cea5b5108327cb15018805b4977d18142c1cb3b57fb417a7839c9c [stream]
[debug] [2025-06-30T15:52:21.919Z] >>> [apiv2][query] POST https://upload-firebasehosting.googleapis.com/upload/sites/todoapp-96218/versions/2a97d76a8ec7eb52/files/41ebb81384cfaa603a799cbddf4f96f41eaf3ef71498e149fa95f3f542abde06 [none]
[debug] [2025-06-30T15:52:21.919Z] >>> [apiv2][body] POST https://upload-firebasehosting.googleapis.com/upload/sites/todoapp-96218/versions/2a97d76a8ec7eb52/files/41ebb81384cfaa603a799cbddf4f96f41eaf3ef71498e149fa95f3f542abde06 [stream]
[debug] [2025-06-30T15:52:21.921Z] >>> [apiv2][query] POST https://upload-firebasehosting.googleapis.com/upload/sites/todoapp-96218/versions/2a97d76a8ec7eb52/files/a241be99e15f5e6ee290806450e8780daecbfe6bc48e777fa38ccf1fb8773bd4 [none]
[debug] [2025-06-30T15:52:21.921Z] >>> [apiv2][body] POST https://upload-firebasehosting.googleapis.com/upload/sites/todoapp-96218/versions/2a97d76a8ec7eb52/files/a241be99e15f5e6ee290806450e8780daecbfe6bc48e777fa38ccf1fb8773bd4 [stream]
[debug] [2025-06-30T15:52:21.922Z] >>> [apiv2][query] POST https://upload-firebasehosting.googleapis.com/upload/sites/todoapp-96218/versions/2a97d76a8ec7eb52/files/4e4831054b5ca54692eb97643984c1e2282bc599ab218c68f6611befc4f0ef77 [none]
[debug] [2025-06-30T15:52:21.923Z] >>> [apiv2][body] POST https://upload-firebasehosting.googleapis.com/upload/sites/todoapp-96218/versions/2a97d76a8ec7eb52/files/4e4831054b5ca54692eb97643984c1e2282bc599ab218c68f6611befc4f0ef77 [stream]
[debug] [2025-06-30T15:52:21.924Z] [hosting][populate queue][FINAL] {"max":564,"min":564,"avg":564,"active":0,"complete":1,"success":1,"errored":0,"retried":0,"total":1,"elapsed":576}
[debug] [2025-06-30T15:52:21.924Z] [hosting] uploads queued: 6
[debug] [2025-06-30T15:52:23.471Z] <<< [apiv2][status] POST https://upload-firebasehosting.googleapis.com/upload/sites/todoapp-96218/versions/2a97d76a8ec7eb52/files/257a69c4a871639bb96736cab235aa7876eb2705c7b4fa534c388d1f081f01dd 200
[debug] [2025-06-30T15:52:23.471Z] <<< [apiv2][body] POST https://upload-firebasehosting.googleapis.com/upload/sites/todoapp-96218/versions/2a97d76a8ec7eb52/files/257a69c4a871639bb96736cab235aa7876eb2705c7b4fa534c388d1f081f01dd [stream]
[debug] [2025-06-30T15:52:23.526Z] <<< [apiv2][status] POST https://upload-firebasehosting.googleapis.com/upload/sites/todoapp-96218/versions/2a97d76a8ec7eb52/files/ce9e335268a182087633fa9cae8bde4b440c0a09e0c539421e63f3c89bcabd72 200
[debug] [2025-06-30T15:52:23.526Z] <<< [apiv2][body] POST https://upload-firebasehosting.googleapis.com/upload/sites/todoapp-96218/versions/2a97d76a8ec7eb52/files/ce9e335268a182087633fa9cae8bde4b440c0a09e0c539421e63f3c89bcabd72 [stream]
[debug] [2025-06-30T15:52:23.591Z] <<< [apiv2][status] POST https://upload-firebasehosting.googleapis.com/upload/sites/todoapp-96218/versions/2a97d76a8ec7eb52/files/4e4831054b5ca54692eb97643984c1e2282bc599ab218c68f6611befc4f0ef77 200
[debug] [2025-06-30T15:52:23.591Z] <<< [apiv2][body] POST https://upload-firebasehosting.googleapis.com/upload/sites/todoapp-96218/versions/2a97d76a8ec7eb52/files/4e4831054b5ca54692eb97643984c1e2282bc599ab218c68f6611befc4f0ef77 [stream]
[debug] [2025-06-30T15:52:23.689Z] <<< [apiv2][status] POST https://upload-firebasehosting.googleapis.com/upload/sites/todoapp-96218/versions/2a97d76a8ec7eb52/files/8e9ba098b2cea5b5108327cb15018805b4977d18142c1cb3b57fb417a7839c9c 200
[debug] [2025-06-30T15:52:23.689Z] <<< [apiv2][body] POST https://upload-firebasehosting.googleapis.com/upload/sites/todoapp-96218/versions/2a97d76a8ec7eb52/files/8e9ba098b2cea5b5108327cb15018805b4977d18142c1cb3b57fb417a7839c9c [stream]
[debug] [2025-06-30T15:52:23.746Z] <<< [apiv2][status] POST https://upload-firebasehosting.googleapis.com/upload/sites/todoapp-96218/versions/2a97d76a8ec7eb52/files/41ebb81384cfaa603a799cbddf4f96f41eaf3ef71498e149fa95f3f542abde06 200
[debug] [2025-06-30T15:52:23.747Z] <<< [apiv2][body] POST https://upload-firebasehosting.googleapis.com/upload/sites/todoapp-96218/versions/2a97d76a8ec7eb52/files/41ebb81384cfaa603a799cbddf4f96f41eaf3ef71498e149fa95f3f542abde06 [stream]
[debug] [2025-06-30T15:52:24.236Z] <<< [apiv2][status] POST https://upload-firebasehosting.googleapis.com/upload/sites/todoapp-96218/versions/2a97d76a8ec7eb52/files/a241be99e15f5e6ee290806450e8780daecbfe6bc48e777fa38ccf1fb8773bd4 200
[debug] [2025-06-30T15:52:24.236Z] <<< [apiv2][body] POST https://upload-firebasehosting.googleapis.com/upload/sites/todoapp-96218/versions/2a97d76a8ec7eb52/files/a241be99e15f5e6ee290806450e8780daecbfe6bc48e777fa38ccf1fb8773bd4 [stream]
[debug] [2025-06-30T15:52:24.237Z] [hosting][upload queue][FINAL] {"max":2325,"min":1562,"avg":1800.1666666666667,"active":0,"complete":6,"success":6,"errored":0,"retried":0,"total":6,"elapsed":2328}
[info] +  hosting[todoapp-96218]: file upload complete 
[debug] [2025-06-30T15:52:24.238Z] [hosting] deploy completed after 3097ms
[debug] [2025-06-30T15:52:24.239Z] [rules] releasing cloud.firestore/(default) with ruleset projects/todoapp-96218/rulesets/3d9f6642-ffda-4945-87a1-6d5b21458f16
[debug] [2025-06-30T15:52:24.239Z] Checked if tokens are valid: true, expires at: 1751302333163
[debug] [2025-06-30T15:52:24.239Z] Checked if tokens are valid: true, expires at: 1751302333163
[debug] [2025-06-30T15:52:24.239Z] >>> [apiv2][query] PATCH https://firebaserules.googleapis.com/v1/projects/todoapp-96218/releases/cloud.firestore/(default) [none]
[debug] [2025-06-30T15:52:24.240Z] >>> [apiv2][body] PATCH https://firebaserules.googleapis.com/v1/projects/todoapp-96218/releases/cloud.firestore/(default) {"release":{"name":"projects/todoapp-96218/releases/cloud.firestore/(default)","rulesetName":"projects/todoapp-96218/rulesets/3d9f6642-ffda-4945-87a1-6d5b21458f16"}}
